app/build/outputs/logs/manifest-merger-release-report.txt
-- Merging decision tree log ---
manifest
ADDED from src/main/AndroidManifest.xml:2:1-31:12
	package
		ADDED from src/main/AndroidManifest.xml:3:5-35
		INJECTED from src/main/AndroidManifest.xml
		INJECTED from src/main/AndroidManifest.xml
	android:versionName
		ADDED from src/main/AndroidManifest.xml:5:5-30
		INJECTED from src/main/AndroidManifest.xml
		INJECTED from src/main/AndroidManifest.xml
	android:versionCode
		ADDED from src/main/AndroidManifest.xml:4:5-28
		INJECTED from src/main/AndroidManifest.xml
		INJECTED from src/main/AndroidManifest.xml
	xmlns:android
		ADDED from src/main/AndroidManifest.xml:2:11-69
uses-permission#android.permission.CAMERA
ADDED from src/main/AndroidManifest.xml:7:6-66
	android:name
		ADDED from src/main/AndroidManifest.xml:7:23-63
uses-permission#android.permission.FLASHLIGHT
ADDED from src/main/AndroidManifest.xml:8:6-69
	android:name
		ADDED from src/main/AndroidManifest.xml:8:23-67
uses-feature#android.hardware.camera
ADDED from src/main/AndroidManifest.xml:10:6-61
	android:name
		ADDED from src/main/AndroidManifest.xml:10:20-58
uses-feature#android.hardware.camera.autofocus
ADDED from src/main/AndroidManifest.xml:11:5-70
	android:name
		ADDED from src/main/AndroidManifest.xml:11:19-67
application
ADDED from src/main/AndroidManifest.xml:14:5-29:19
	android:label
		ADDED from src/main/AndroidManifest.xml:18:9-32
	android:roundIcon
		ADDED from src/main/AndroidManifest.xml:17:9-54
	android:allowBackup
		ADDED from src/main/AndroidManifest.xml:15:9-35
	android:icon
		ADDED from src/main/AndroidManifest.xml:16:9-43
	android:theme
		ADDED from src/main/AndroidManifest.xml:19:9-73
activity#com.stahlnow.android.pfunzel.Pfunzel
ADDED from src/main/AndroidManifest.xml:20:9-28:20
	android:screenOrientation
		ADDED from src/main/AndroidManifest.xml:23:13-49
	android:configChanges
		ADDED from src/main/AndroidManifest.xml:22:13-62
	android:name
		ADDED from src/main/AndroidManifest.xml:21:13-64
intent-filter#android.intent.action.MAIN+android.intent.category.LAUNCHER
ADDED from src/main/AndroidManifest.xml:24:13-27:29
action#android.intent.action.MAIN
ADDED from src/main/AndroidManifest.xml:25:17-69
	android:name
		ADDED from src/main/AndroidManifest.xml:25:25-66
category#android.intent.category.LAUNCHER
ADDED from src/main/AndroidManifest.xml:26:17-77
	android:name
		ADDED from src/main/AndroidManifest.xml:26:27-74
uses-sdk
INJECTED from src/main/AndroidManifest.xml reason: use-sdk injection requested
	android:targetSdkVersion
		INJECTED from src/main/AndroidManifest.xml
		INJECTED from src/main/AndroidManifest.xml
	android:minSdkVersion
		INJECTED from src/main/AndroidManifest.xml
		INJECTED from src/main/AndroidManifest.xml